[4.945s] DEBUG:colcon:Command line arguments: ['/usr/bin/colcon', 'build']
[4.945s] DEBUG:colcon:Parsed command line arguments: Namespace(log_base=None, log_level=None, verb_name='build', build_base='build', install_base='install', merge_install=False, symlink_install=False, test_result_base=None, continue_on_error=False, executor='parallel', parallel_workers=8, event_handlers=None, ignore_user_meta=False, metas=['./colcon.meta'], base_paths=['.'], packages_ignore=None, packages_ignore_regex=None, paths=None, packages_up_to=None, packages_up_to_regex=None, packages_above=None, packages_above_and_dependencies=None, packages_above_depth=None, packages_select_by_dep=None, packages_skip_by_dep=None, packages_skip_up_to=None, packages_select_build_failed=False, packages_skip_build_finished=False, packages_select_test_failures=False, packages_skip_test_passed=False, packages_select=None, packages_skip=None, packages_select_regex=None, packages_skip_regex=None, packages_start=None, packages_end=None, allow_overriding=[], cmake_args=None, cmake_target=None, cmake_target_skip_unavailable=False, cmake_clean_cache=False, cmake_clean_first=False, cmake_force_configure=False, meson_args=[], ament_cmake_args=None, catkin_cmake_args=None, catkin_skip_building_tests=False, mixin_files=None, mixin=None, verb_parser=<colcon_alias.argument_parser.alias.AliasArgumentDecorator object at 0x7fb736c4e050>, verb_extension=<colcon_core.verb.build.BuildVerb object at 0x7fb736c4f460>, main=<bound method BuildVerb.main of <colcon_core.verb.build.BuildVerb object at 0x7fb736c4f460>>, mixin_verb=('build',))
[5.756s] Level 1:colcon.colcon_core.package_discovery:discover_packages(colcon_meta) check parameters
[5.756s] Level 1:colcon.colcon_core.package_discovery:discover_packages(recursive) check parameters
[5.757s] Level 1:colcon.colcon_core.package_discovery:discover_packages(ignore) check parameters
[5.757s] Level 1:colcon.colcon_core.package_discovery:discover_packages(path) check parameters
[5.757s] Level 1:colcon.colcon_core.package_discovery:discover_packages(colcon_meta) discover
[5.757s] Level 1:colcon.colcon_core.package_discovery:discover_packages(recursive) discover
[5.757s] INFO:colcon.colcon_core.package_discovery:Crawling recursively for packages in '/home/user/ros2_ws'
[5.757s] Level 1:colcon.colcon_core.package_identification:_identify(.) by extensions ['ignore', 'ignore_ament_install']
[5.757s] Level 1:colcon.colcon_core.package_identification:_identify(.) by extension 'ignore'
[5.757s] Level 1:colcon.colcon_core.package_identification:_identify(.) by extension 'ignore_ament_install'
[5.757s] Level 1:colcon.colcon_core.package_identification:_identify(.) by extensions ['colcon_pkg']
[5.758s] Level 1:colcon.colcon_core.package_identification:_identify(.) by extension 'colcon_pkg'
[5.758s] Level 1:colcon.colcon_core.package_identification:_identify(.) by extensions ['colcon_meta']
[5.758s] Level 1:colcon.colcon_core.package_identification:_identify(.) by extension 'colcon_meta'
[5.758s] Level 1:colcon.colcon_core.package_identification:_identify(.) by extensions ['ros']
[5.758s] Level 1:colcon.colcon_core.package_identification:_identify(.) by extension 'ros'
[5.776s] Level 1:colcon.colcon_core.package_identification:_identify(.) by extensions ['cmake', 'meson', 'python']
[5.776s] Level 1:colcon.colcon_core.package_identification:_identify(.) by extension 'cmake'
[5.776s] Level 1:colcon.colcon_core.package_identification:_identify(.) by extension 'meson'
[5.777s] Level 1:colcon.colcon_core.package_identification:_identify(.) by extension 'python'
[5.777s] Level 1:colcon.colcon_core.package_identification:_identify(.) by extensions ['python_setup_py']
[5.777s] Level 1:colcon.colcon_core.package_identification:_identify(.) by extension 'python_setup_py'
[5.777s] Level 1:colcon.colcon_core.package_identification:_identify(build) by extensions ['ignore', 'ignore_ament_install']
[5.777s] Level 1:colcon.colcon_core.package_identification:_identify(build) by extension 'ignore'
[5.777s] Level 1:colcon.colcon_core.package_identification:_identify(build) ignored
[5.777s] Level 1:colcon.colcon_core.package_identification:_identify(install) by extensions ['ignore', 'ignore_ament_install']
[5.777s] Level 1:colcon.colcon_core.package_identification:_identify(install) by extension 'ignore'
[5.778s] Level 1:colcon.colcon_core.package_identification:_identify(install) ignored
[5.778s] Level 1:colcon.colcon_core.package_identification:_identify(log) by extensions ['ignore', 'ignore_ament_install']
[5.778s] Level 1:colcon.colcon_core.package_identification:_identify(log) by extension 'ignore'
[5.778s] Level 1:colcon.colcon_core.package_identification:_identify(log) ignored
[5.778s] Level 1:colcon.colcon_core.package_identification:_identify(src) by extensions ['ignore', 'ignore_ament_install']
[5.778s] Level 1:colcon.colcon_core.package_identification:_identify(src) by extension 'ignore'
[5.778s] Level 1:colcon.colcon_core.package_identification:_identify(src) by extension 'ignore_ament_install'
[5.778s] Level 1:colcon.colcon_core.package_identification:_identify(src) by extensions ['colcon_pkg']
[5.779s] Level 1:colcon.colcon_core.package_identification:_identify(src) by extension 'colcon_pkg'
[5.779s] Level 1:colcon.colcon_core.package_identification:_identify(src) by extensions ['colcon_meta']
[5.779s] Level 1:colcon.colcon_core.package_identification:_identify(src) by extension 'colcon_meta'
[5.779s] Level 1:colcon.colcon_core.package_identification:_identify(src) by extensions ['ros']
[5.779s] Level 1:colcon.colcon_core.package_identification:_identify(src) by extension 'ros'
[5.779s] Level 1:colcon.colcon_core.package_identification:_identify(src) by extensions ['cmake', 'meson', 'python']
[5.779s] Level 1:colcon.colcon_core.package_identification:_identify(src) by extension 'cmake'
[5.779s] Level 1:colcon.colcon_core.package_identification:_identify(src) by extension 'meson'
[5.779s] Level 1:colcon.colcon_core.package_identification:_identify(src) by extension 'python'
[5.779s] Level 1:colcon.colcon_core.package_identification:_identify(src) by extensions ['python_setup_py']
[5.780s] Level 1:colcon.colcon_core.package_identification:_identify(src) by extension 'python_setup_py'
[5.780s] Level 1:colcon.colcon_core.package_identification:_identify(src/my_tf_ros2_course_pkg) by extensions ['ignore', 'ignore_ament_install']
[5.780s] Level 1:colcon.colcon_core.package_identification:_identify(src/my_tf_ros2_course_pkg) by extension 'ignore'
[5.780s] Level 1:colcon.colcon_core.package_identification:_identify(src/my_tf_ros2_course_pkg) by extension 'ignore_ament_install'
[5.780s] Level 1:colcon.colcon_core.package_identification:_identify(src/my_tf_ros2_course_pkg) by extensions ['colcon_pkg']
[5.780s] Level 1:colcon.colcon_core.package_identification:_identify(src/my_tf_ros2_course_pkg) by extension 'colcon_pkg'
[5.780s] Level 1:colcon.colcon_core.package_identification:_identify(src/my_tf_ros2_course_pkg) by extensions ['colcon_meta']
[5.780s] Level 1:colcon.colcon_core.package_identification:_identify(src/my_tf_ros2_course_pkg) by extension 'colcon_meta'
[5.780s] Level 1:colcon.colcon_core.package_identification:_identify(src/my_tf_ros2_course_pkg) by extensions ['ros']
[5.780s] Level 1:colcon.colcon_core.package_identification:_identify(src/my_tf_ros2_course_pkg) by extension 'ros'
[5.785s] DEBUG:colcon.colcon_core.package_identification:Package 'src/my_tf_ros2_course_pkg' with type 'ros.ament_cmake' and name 'my_tf_ros2_course_pkg'
[5.786s] Level 1:colcon.colcon_core.package_discovery:discover_packages(recursive) using defaults
[5.786s] Level 1:colcon.colcon_core.package_discovery:discover_packages(ignore) discover
[5.786s] Level 1:colcon.colcon_core.package_discovery:discover_packages(ignore) using defaults
[5.786s] Level 1:colcon.colcon_core.package_discovery:discover_packages(path) discover
[5.786s] Level 1:colcon.colcon_core.package_discovery:discover_packages(path) using defaults
[5.908s] Level 1:colcon.colcon_core.package_discovery:discover_packages(prefix_path) check parameters
[5.909s] Level 1:colcon.colcon_core.package_discovery:discover_packages(prefix_path) discover
[5.950s] DEBUG:colcon.colcon_installed_package_information.package_discovery:Found 7 installed packages in /home/simulations/ros2_sims_ws/install
[5.971s] DEBUG:colcon.colcon_installed_package_information.package_discovery:Found 419 installed packages in /opt/ros/humble
[5.974s] Level 1:colcon.colcon_core.package_discovery:discover_packages(prefix_path) using defaults
[6.195s] Level 5:colcon.colcon_core.verb:set package 'my_tf_ros2_course_pkg' build argument 'cmake_args' from command line to 'None'
[6.195s] Level 5:colcon.colcon_core.verb:set package 'my_tf_ros2_course_pkg' build argument 'cmake_target' from command line to 'None'
[6.195s] Level 5:colcon.colcon_core.verb:set package 'my_tf_ros2_course_pkg' build argument 'cmake_target_skip_unavailable' from command line to 'False'
[6.195s] Level 5:colcon.colcon_core.verb:set package 'my_tf_ros2_course_pkg' build argument 'cmake_clean_cache' from command line to 'False'
[6.195s] Level 5:colcon.colcon_core.verb:set package 'my_tf_ros2_course_pkg' build argument 'cmake_clean_first' from command line to 'False'
[6.196s] Level 5:colcon.colcon_core.verb:set package 'my_tf_ros2_course_pkg' build argument 'cmake_force_configure' from command line to 'False'
[6.196s] Level 5:colcon.colcon_core.verb:set package 'my_tf_ros2_course_pkg' build argument 'meson_args' from command line to '[]'
[6.196s] Level 5:colcon.colcon_core.verb:set package 'my_tf_ros2_course_pkg' build argument 'ament_cmake_args' from command line to 'None'
[6.196s] Level 5:colcon.colcon_core.verb:set package 'my_tf_ros2_course_pkg' build argument 'catkin_cmake_args' from command line to 'None'
[6.196s] Level 5:colcon.colcon_core.verb:set package 'my_tf_ros2_course_pkg' build argument 'catkin_skip_building_tests' from command line to 'False'
[6.196s] DEBUG:colcon.colcon_core.verb:Building package 'my_tf_ros2_course_pkg' with the following arguments: {'ament_cmake_args': None, 'build_base': '/home/user/ros2_ws/build/my_tf_ros2_course_pkg', 'catkin_cmake_args': None, 'catkin_skip_building_tests': False, 'cmake_args': None, 'cmake_clean_cache': False, 'cmake_clean_first': False, 'cmake_force_configure': False, 'cmake_target': None, 'cmake_target_skip_unavailable': False, 'install_base': '/home/user/ros2_ws/install/my_tf_ros2_course_pkg', 'merge_install': False, 'meson_args': [], 'path': '/home/user/ros2_ws/src/my_tf_ros2_course_pkg', 'symlink_install': False, 'test_result_base': None}
[6.214s] INFO:colcon.colcon_core.executor:Executing jobs using 'parallel' executor
[6.233s] DEBUG:colcon.colcon_parallel_executor.executor.parallel:run_until_complete
[6.233s] INFO:colcon.colcon_ros.task.ament_cmake.build:Building ROS package in '/home/user/ros2_ws/src/my_tf_ros2_course_pkg' with build type 'ament_cmake'
[6.234s] INFO:colcon.colcon_cmake.task.cmake.build:Building CMake package in '/home/user/ros2_ws/src/my_tf_ros2_course_pkg'
[6.263s] INFO:colcon.colcon_core.plugin_system:Skipping extension 'colcon_core.shell.bat': Not used on non-Windows systems
[6.264s] INFO:colcon.colcon_core.shell:Skip shell extension 'powershell' for command environment: Not usable outside of PowerShell
[6.264s] DEBUG:colcon.colcon_core.shell:Skip shell extension 'dsv' for command environment
[6.335s] DEBUG:colcon.colcon_core.event_handler.log_command:Invoking command in '/home/user/ros2_ws/build/my_tf_ros2_course_pkg': _=/usr/bin/env /usr/bin/cmake /home/user/ros2_ws/src/my_tf_ros2_course_pkg -DCMAKE_INSTALL_PREFIX=/home/user/ros2_ws/install/my_tf_ros2_course_pkg
[24.396s] DEBUG:colcon.colcon_core.event_handler.log_command:Invoked command in '/home/user/ros2_ws/build/my_tf_ros2_course_pkg' returned '0': _=/usr/bin/env /usr/bin/cmake /home/user/ros2_ws/src/my_tf_ros2_course_pkg -DCMAKE_INSTALL_PREFIX=/home/user/ros2_ws/install/my_tf_ros2_course_pkg
[24.397s] DEBUG:colcon.colcon_core.event_handler.log_command:Invoking command in '/home/user/ros2_ws/build/my_tf_ros2_course_pkg': _=/usr/bin/env /usr/bin/cmake --build /home/user/ros2_ws/build/my_tf_ros2_course_pkg -- -j8 -l8
[24.460s] DEBUG:colcon.colcon_core.event_handler.log_command:Invoked command in '/home/user/ros2_ws/build/my_tf_ros2_course_pkg' returned '0': _=/usr/bin/env /usr/bin/cmake --build /home/user/ros2_ws/build/my_tf_ros2_course_pkg -- -j8 -l8
[24.524s] DEBUG:colcon.colcon_core.event_handler.log_command:Invoking command in '/home/user/ros2_ws/build/my_tf_ros2_course_pkg': _=/usr/bin/env /usr/bin/cmake --install /home/user/ros2_ws/build/my_tf_ros2_course_pkg
[24.544s] Level 1:colcon.colcon_core.environment:create_environment_scripts_only(my_tf_ros2_course_pkg)
[24.545s] DEBUG:colcon.colcon_core.event_handler.log_command:Invoked command in '/home/user/ros2_ws/build/my_tf_ros2_course_pkg' returned '0': _=/usr/bin/env /usr/bin/cmake --install /home/user/ros2_ws/build/my_tf_ros2_course_pkg
[24.576s] Level 1:colcon.colcon_core.environment:checking '/home/user/ros2_ws/install/my_tf_ros2_course_pkg' for CMake module files
[24.576s] Level 1:colcon.colcon_core.environment:checking '/home/user/ros2_ws/install/my_tf_ros2_course_pkg' for CMake config files
[24.577s] Level 1:colcon.colcon_core.shell:create_environment_hook('my_tf_ros2_course_pkg', 'cmake_prefix_path')
[24.598s] INFO:colcon.colcon_core.shell:Creating environment hook '/home/user/ros2_ws/install/my_tf_ros2_course_pkg/share/my_tf_ros2_course_pkg/hook/cmake_prefix_path.ps1'
[24.600s] INFO:colcon.colcon_core.shell:Creating environment descriptor '/home/user/ros2_ws/install/my_tf_ros2_course_pkg/share/my_tf_ros2_course_pkg/hook/cmake_prefix_path.dsv'
[24.602s] INFO:colcon.colcon_core.shell:Creating environment hook '/home/user/ros2_ws/install/my_tf_ros2_course_pkg/share/my_tf_ros2_course_pkg/hook/cmake_prefix_path.sh'
[24.604s] Level 1:colcon.colcon_core.environment:checking '/home/user/ros2_ws/install/my_tf_ros2_course_pkg/lib'
[24.604s] Level 1:colcon.colcon_core.environment:checking '/home/user/ros2_ws/install/my_tf_ros2_course_pkg/bin'
[24.604s] Level 1:colcon.colcon_core.environment:checking '/home/user/ros2_ws/install/my_tf_ros2_course_pkg/lib/pkgconfig/my_tf_ros2_course_pkg.pc'
[24.605s] Level 1:colcon.colcon_core.environment:checking '/home/user/ros2_ws/install/my_tf_ros2_course_pkg/lib/python3.10/site-packages'
[24.605s] Level 1:colcon.colcon_core.environment:checking '/home/user/ros2_ws/install/my_tf_ros2_course_pkg/bin'
[24.629s] INFO:colcon.colcon_core.shell:Creating package script '/home/user/ros2_ws/install/my_tf_ros2_course_pkg/share/my_tf_ros2_course_pkg/package.ps1'
[24.632s] INFO:colcon.colcon_core.shell:Creating package descriptor '/home/user/ros2_ws/install/my_tf_ros2_course_pkg/share/my_tf_ros2_course_pkg/package.dsv'
[24.633s] INFO:colcon.colcon_core.shell:Creating package script '/home/user/ros2_ws/install/my_tf_ros2_course_pkg/share/my_tf_ros2_course_pkg/package.sh'
[24.635s] INFO:colcon.colcon_core.shell:Creating package script '/home/user/ros2_ws/install/my_tf_ros2_course_pkg/share/my_tf_ros2_course_pkg/package.bash'
[24.637s] INFO:colcon.colcon_core.shell:Creating package script '/home/user/ros2_ws/install/my_tf_ros2_course_pkg/share/my_tf_ros2_course_pkg/package.zsh'
[24.638s] Level 1:colcon.colcon_core.environment:create_file_with_runtime_dependencies(/home/user/ros2_ws/install/my_tf_ros2_course_pkg/share/colcon-core/packages/my_tf_ros2_course_pkg)
[24.701s] Level 1:colcon.colcon_core.environment:create_environment_scripts_only(my_tf_ros2_course_pkg)
[24.723s] Level 1:colcon.colcon_core.environment:checking '/home/user/ros2_ws/install/my_tf_ros2_course_pkg' for CMake module files
[24.724s] Level 1:colcon.colcon_core.environment:checking '/home/user/ros2_ws/install/my_tf_ros2_course_pkg' for CMake config files
[24.724s] Level 1:colcon.colcon_core.shell:create_environment_hook('my_tf_ros2_course_pkg', 'cmake_prefix_path')
[24.744s] INFO:colcon.colcon_core.shell:Creating environment hook '/home/user/ros2_ws/install/my_tf_ros2_course_pkg/share/my_tf_ros2_course_pkg/hook/cmake_prefix_path.ps1'
[24.745s] INFO:colcon.colcon_core.shell:Creating environment descriptor '/home/user/ros2_ws/install/my_tf_ros2_course_pkg/share/my_tf_ros2_course_pkg/hook/cmake_prefix_path.dsv'
[24.745s] INFO:colcon.colcon_core.shell:Creating environment hook '/home/user/ros2_ws/install/my_tf_ros2_course_pkg/share/my_tf_ros2_course_pkg/hook/cmake_prefix_path.sh'
[24.746s] Level 1:colcon.colcon_core.environment:checking '/home/user/ros2_ws/install/my_tf_ros2_course_pkg/lib'
[24.746s] Level 1:colcon.colcon_core.environment:checking '/home/user/ros2_ws/install/my_tf_ros2_course_pkg/bin'
[24.746s] Level 1:colcon.colcon_core.environment:checking '/home/user/ros2_ws/install/my_tf_ros2_course_pkg/lib/pkgconfig/my_tf_ros2_course_pkg.pc'
[24.746s] Level 1:colcon.colcon_core.environment:checking '/home/user/ros2_ws/install/my_tf_ros2_course_pkg/lib/python3.10/site-packages'
[24.747s] Level 1:colcon.colcon_core.environment:checking '/home/user/ros2_ws/install/my_tf_ros2_course_pkg/bin'
[24.764s] INFO:colcon.colcon_core.shell:Creating package script '/home/user/ros2_ws/install/my_tf_ros2_course_pkg/share/my_tf_ros2_course_pkg/package.ps1'
[24.765s] INFO:colcon.colcon_core.shell:Creating package descriptor '/home/user/ros2_ws/install/my_tf_ros2_course_pkg/share/my_tf_ros2_course_pkg/package.dsv'
[24.766s] INFO:colcon.colcon_core.shell:Creating package script '/home/user/ros2_ws/install/my_tf_ros2_course_pkg/share/my_tf_ros2_course_pkg/package.sh'
[24.766s] INFO:colcon.colcon_core.shell:Creating package script '/home/user/ros2_ws/install/my_tf_ros2_course_pkg/share/my_tf_ros2_course_pkg/package.bash'
[24.767s] INFO:colcon.colcon_core.shell:Creating package script '/home/user/ros2_ws/install/my_tf_ros2_course_pkg/share/my_tf_ros2_course_pkg/package.zsh'
[24.768s] Level 1:colcon.colcon_core.environment:create_file_with_runtime_dependencies(/home/user/ros2_ws/install/my_tf_ros2_course_pkg/share/colcon-core/packages/my_tf_ros2_course_pkg)
[24.768s] DEBUG:colcon.colcon_parallel_executor.executor.parallel:closing loop
[24.769s] DEBUG:colcon.colcon_parallel_executor.executor.parallel:loop closed
[24.769s] DEBUG:colcon.colcon_parallel_executor.executor.parallel:run_until_complete finished with '0'
[24.769s] DEBUG:colcon.colcon_core.event_reactor:joining thread
[24.800s] INFO:colcon.colcon_core.plugin_system:Skipping extension 'colcon_notification.desktop_notification.notify_send': Could not find 'notify-send'
[24.801s] INFO:colcon.colcon_core.plugin_system:Skipping extension 'colcon_notification.desktop_notification.terminal_notifier': Not used on non-Darwin systems
[24.801s] INFO:colcon.colcon_core.plugin_system:Skipping extension 'colcon_notification.desktop_notification.win32': Not used on non-Windows systems
[24.801s] INFO:colcon.colcon_notification.desktop_notification:Sending desktop notification using 'notify2'
[24.804s] DEBUG:colcon.colcon_notification.desktop_notification.notify2:Failed to initialize notify2: org.freedesktop.DBus.Error.Spawn.ExecFailed: /usr/bin/dbus-launch terminated abnormally without any error message
[24.805s] DEBUG:colcon.colcon_core.event_reactor:joined thread
[24.827s] INFO:colcon.colcon_core.shell:Creating prefix script '/home/user/ros2_ws/install/local_setup.ps1'
[24.830s] INFO:colcon.colcon_core.shell:Creating prefix util module '/home/user/ros2_ws/install/_local_setup_util_ps1.py'
[24.833s] INFO:colcon.colcon_core.shell:Creating prefix chain script '/home/user/ros2_ws/install/setup.ps1'
[24.856s] INFO:colcon.colcon_core.shell:Creating prefix script '/home/user/ros2_ws/install/local_setup.sh'
[24.857s] INFO:colcon.colcon_core.shell:Creating prefix util module '/home/user/ros2_ws/install/_local_setup_util_sh.py'
[24.858s] INFO:colcon.colcon_core.shell:Creating prefix chain script '/home/user/ros2_ws/install/setup.sh'
[24.882s] INFO:colcon.colcon_core.shell:Creating prefix script '/home/user/ros2_ws/install/local_setup.bash'
[24.884s] INFO:colcon.colcon_core.shell:Creating prefix chain script '/home/user/ros2_ws/install/setup.bash'
[24.908s] INFO:colcon.colcon_core.shell:Creating prefix script '/home/user/ros2_ws/install/local_setup.zsh'
[24.910s] INFO:colcon.colcon_core.shell:Creating prefix chain script '/home/user/ros2_ws/install/setup.zsh'
[24.934s] INFO:colcon.colcon_core.shell:Creating '/home/user/ros2_ws/install/spawn_shell.bash'
