[3.328s] DEBUG:colcon:Command line arguments: ['/usr/bin/colcon', 'build']
[3.328s] DEBUG:colcon:Parsed command line arguments: Namespace(log_base=None, log_level=None, verb_name='build', build_base='build', install_base='install', merge_install=False, symlink_install=False, test_result_base=None, continue_on_error=False, executor='parallel', parallel_workers=8, event_handlers=None, ignore_user_meta=False, metas=['./colcon.meta'], base_paths=['.'], packages_ignore=None, packages_ignore_regex=None, paths=None, packages_up_to=None, packages_up_to_regex=None, packages_above=None, packages_above_and_dependencies=None, packages_above_depth=None, packages_select_by_dep=None, packages_skip_by_dep=None, packages_skip_up_to=None, packages_select_build_failed=False, packages_skip_build_finished=False, packages_select_test_failures=False, packages_skip_test_passed=False, packages_select=None, packages_skip=None, packages_select_regex=None, packages_skip_regex=None, packages_start=None, packages_end=None, allow_overriding=[], cmake_args=None, cmake_target=None, cmake_target_skip_unavailable=False, cmake_clean_cache=False, cmake_clean_first=False, cmake_force_configure=False, meson_args=[], ament_cmake_args=None, catkin_cmake_args=None, catkin_skip_building_tests=False, mixin_files=None, mixin=None, verb_parser=<colcon_alias.argument_parser.alias.AliasArgumentDecorator object at 0x7f86de015ff0>, verb_extension=<colcon_core.verb.build.BuildVerb object at 0x7f86de016fb0>, main=<bound method BuildVerb.main of <colcon_core.verb.build.BuildVerb object at 0x7f86de016fb0>>, mixin_verb=('build',))
[4.066s] Level 1:colcon.colcon_core.package_discovery:discover_packages(colcon_meta) check parameters
[4.067s] Level 1:colcon.colcon_core.package_discovery:discover_packages(recursive) check parameters
[4.067s] Level 1:colcon.colcon_core.package_discovery:discover_packages(ignore) check parameters
[4.067s] Level 1:colcon.colcon_core.package_discovery:discover_packages(path) check parameters
[4.067s] Level 1:colcon.colcon_core.package_discovery:discover_packages(colcon_meta) discover
[4.067s] Level 1:colcon.colcon_core.package_discovery:discover_packages(recursive) discover
[4.067s] INFO:colcon.colcon_core.package_discovery:Crawling recursively for packages in '/home/user/ros2_ws'
[4.067s] Level 1:colcon.colcon_core.package_identification:_identify(.) by extensions ['ignore', 'ignore_ament_install']
[4.068s] Level 1:colcon.colcon_core.package_identification:_identify(.) by extension 'ignore'
[4.068s] Level 1:colcon.colcon_core.package_identification:_identify(.) by extension 'ignore_ament_install'
[4.068s] Level 1:colcon.colcon_core.package_identification:_identify(.) by extensions ['colcon_pkg']
[4.068s] Level 1:colcon.colcon_core.package_identification:_identify(.) by extension 'colcon_pkg'
[4.068s] Level 1:colcon.colcon_core.package_identification:_identify(.) by extensions ['colcon_meta']
[4.068s] Level 1:colcon.colcon_core.package_identification:_identify(.) by extension 'colcon_meta'
[4.068s] Level 1:colcon.colcon_core.package_identification:_identify(.) by extensions ['ros']
[4.068s] Level 1:colcon.colcon_core.package_identification:_identify(.) by extension 'ros'
[4.090s] Level 1:colcon.colcon_core.package_identification:_identify(.) by extensions ['cmake', 'meson', 'python']
[4.090s] Level 1:colcon.colcon_core.package_identification:_identify(.) by extension 'cmake'
[4.090s] Level 1:colcon.colcon_core.package_identification:_identify(.) by extension 'meson'
[4.090s] Level 1:colcon.colcon_core.package_identification:_identify(.) by extension 'python'
[4.090s] Level 1:colcon.colcon_core.package_identification:_identify(.) by extensions ['python_setup_py']
[4.090s] Level 1:colcon.colcon_core.package_identification:_identify(.) by extension 'python_setup_py'
[4.090s] Level 1:colcon.colcon_core.package_identification:_identify(build) by extensions ['ignore', 'ignore_ament_install']
[4.091s] Level 1:colcon.colcon_core.package_identification:_identify(build) by extension 'ignore'
[4.091s] Level 1:colcon.colcon_core.package_identification:_identify(build) ignored
[4.091s] Level 1:colcon.colcon_core.package_identification:_identify(install) by extensions ['ignore', 'ignore_ament_install']
[4.091s] Level 1:colcon.colcon_core.package_identification:_identify(install) by extension 'ignore'
[4.091s] Level 1:colcon.colcon_core.package_identification:_identify(install) ignored
[4.091s] Level 1:colcon.colcon_core.package_identification:_identify(log) by extensions ['ignore', 'ignore_ament_install']
[4.091s] Level 1:colcon.colcon_core.package_identification:_identify(log) by extension 'ignore'
[4.091s] Level 1:colcon.colcon_core.package_identification:_identify(log) ignored
[4.092s] Level 1:colcon.colcon_core.package_identification:_identify(src) by extensions ['ignore', 'ignore_ament_install']
[4.092s] Level 1:colcon.colcon_core.package_identification:_identify(src) by extension 'ignore'
[4.092s] Level 1:colcon.colcon_core.package_identification:_identify(src) by extension 'ignore_ament_install'
[4.092s] Level 1:colcon.colcon_core.package_identification:_identify(src) by extensions ['colcon_pkg']
[4.092s] Level 1:colcon.colcon_core.package_identification:_identify(src) by extension 'colcon_pkg'
[4.092s] Level 1:colcon.colcon_core.package_identification:_identify(src) by extensions ['colcon_meta']
[4.092s] Level 1:colcon.colcon_core.package_identification:_identify(src) by extension 'colcon_meta'
[4.092s] Level 1:colcon.colcon_core.package_identification:_identify(src) by extensions ['ros']
[4.092s] Level 1:colcon.colcon_core.package_identification:_identify(src) by extension 'ros'
[4.092s] Level 1:colcon.colcon_core.package_identification:_identify(src) by extensions ['cmake', 'meson', 'python']
[4.092s] Level 1:colcon.colcon_core.package_identification:_identify(src) by extension 'cmake'
[4.093s] Level 1:colcon.colcon_core.package_identification:_identify(src) by extension 'meson'
[4.093s] Level 1:colcon.colcon_core.package_identification:_identify(src) by extension 'python'
[4.093s] Level 1:colcon.colcon_core.package_identification:_identify(src) by extensions ['python_setup_py']
[4.093s] Level 1:colcon.colcon_core.package_identification:_identify(src) by extension 'python_setup_py'
[4.093s] Level 1:colcon.colcon_core.package_identification:_identify(src/my_tf_ros2_course_pkg) by extensions ['ignore', 'ignore_ament_install']
[4.093s] Level 1:colcon.colcon_core.package_identification:_identify(src/my_tf_ros2_course_pkg) by extension 'ignore'
[4.093s] Level 1:colcon.colcon_core.package_identification:_identify(src/my_tf_ros2_course_pkg) by extension 'ignore_ament_install'
[4.093s] Level 1:colcon.colcon_core.package_identification:_identify(src/my_tf_ros2_course_pkg) by extensions ['colcon_pkg']
[4.094s] Level 1:colcon.colcon_core.package_identification:_identify(src/my_tf_ros2_course_pkg) by extension 'colcon_pkg'
[4.094s] Level 1:colcon.colcon_core.package_identification:_identify(src/my_tf_ros2_course_pkg) by extensions ['colcon_meta']
[4.094s] Level 1:colcon.colcon_core.package_identification:_identify(src/my_tf_ros2_course_pkg) by extension 'colcon_meta'
[4.094s] Level 1:colcon.colcon_core.package_identification:_identify(src/my_tf_ros2_course_pkg) by extensions ['ros']
[4.094s] Level 1:colcon.colcon_core.package_identification:_identify(src/my_tf_ros2_course_pkg) by extension 'ros'
[4.098s] DEBUG:colcon.colcon_core.package_identification:Package 'src/my_tf_ros2_course_pkg' with type 'ros.ament_cmake' and name 'my_tf_ros2_course_pkg'
[4.099s] Level 1:colcon.colcon_core.package_discovery:discover_packages(recursive) using defaults
[4.099s] Level 1:colcon.colcon_core.package_discovery:discover_packages(ignore) discover
[4.099s] Level 1:colcon.colcon_core.package_discovery:discover_packages(ignore) using defaults
[4.099s] Level 1:colcon.colcon_core.package_discovery:discover_packages(path) discover
[4.099s] Level 1:colcon.colcon_core.package_discovery:discover_packages(path) using defaults
[4.264s] Level 1:colcon.colcon_core.package_discovery:discover_packages(prefix_path) check parameters
[4.265s] Level 1:colcon.colcon_core.package_discovery:discover_packages(prefix_path) discover
[4.315s] DEBUG:colcon.colcon_installed_package_information.package_discovery:Found 419 installed packages in /opt/ros/humble
[4.319s] Level 1:colcon.colcon_core.package_discovery:discover_packages(prefix_path) using defaults
[4.562s] Level 5:colcon.colcon_core.verb:set package 'my_tf_ros2_course_pkg' build argument 'cmake_args' from command line to 'None'
[4.562s] Level 5:colcon.colcon_core.verb:set package 'my_tf_ros2_course_pkg' build argument 'cmake_target' from command line to 'None'
[4.562s] Level 5:colcon.colcon_core.verb:set package 'my_tf_ros2_course_pkg' build argument 'cmake_target_skip_unavailable' from command line to 'False'
[4.562s] Level 5:colcon.colcon_core.verb:set package 'my_tf_ros2_course_pkg' build argument 'cmake_clean_cache' from command line to 'False'
[4.562s] Level 5:colcon.colcon_core.verb:set package 'my_tf_ros2_course_pkg' build argument 'cmake_clean_first' from command line to 'False'
[4.562s] Level 5:colcon.colcon_core.verb:set package 'my_tf_ros2_course_pkg' build argument 'cmake_force_configure' from command line to 'False'
[4.562s] Level 5:colcon.colcon_core.verb:set package 'my_tf_ros2_course_pkg' build argument 'meson_args' from command line to '[]'
[4.562s] Level 5:colcon.colcon_core.verb:set package 'my_tf_ros2_course_pkg' build argument 'ament_cmake_args' from command line to 'None'
[4.562s] Level 5:colcon.colcon_core.verb:set package 'my_tf_ros2_course_pkg' build argument 'catkin_cmake_args' from command line to 'None'
[4.562s] Level 5:colcon.colcon_core.verb:set package 'my_tf_ros2_course_pkg' build argument 'catkin_skip_building_tests' from command line to 'False'
[4.562s] DEBUG:colcon.colcon_core.verb:Building package 'my_tf_ros2_course_pkg' with the following arguments: {'ament_cmake_args': None, 'build_base': '/home/user/ros2_ws/build/my_tf_ros2_course_pkg', 'catkin_cmake_args': None, 'catkin_skip_building_tests': False, 'cmake_args': None, 'cmake_clean_cache': False, 'cmake_clean_first': False, 'cmake_force_configure': False, 'cmake_target': None, 'cmake_target_skip_unavailable': False, 'install_base': '/home/user/ros2_ws/install/my_tf_ros2_course_pkg', 'merge_install': False, 'meson_args': [], 'path': '/home/user/ros2_ws/src/my_tf_ros2_course_pkg', 'symlink_install': False, 'test_result_base': None}
[4.585s] INFO:colcon.colcon_core.executor:Executing jobs using 'parallel' executor
[4.608s] DEBUG:colcon.colcon_parallel_executor.executor.parallel:run_until_complete
[4.608s] INFO:colcon.colcon_ros.task.ament_cmake.build:Building ROS package in '/home/user/ros2_ws/src/my_tf_ros2_course_pkg' with build type 'ament_cmake'
[4.609s] INFO:colcon.colcon_cmake.task.cmake.build:Building CMake package in '/home/user/ros2_ws/src/my_tf_ros2_course_pkg'
[4.646s] INFO:colcon.colcon_core.plugin_system:Skipping extension 'colcon_core.shell.bat': Not used on non-Windows systems
[4.646s] INFO:colcon.colcon_core.shell:Skip shell extension 'powershell' for command environment: Not usable outside of PowerShell
[4.647s] DEBUG:colcon.colcon_core.shell:Skip shell extension 'dsv' for command environment
[4.788s] DEBUG:colcon.colcon_core.event_handler.log_command:Invoking command in '/home/user/ros2_ws/build/my_tf_ros2_course_pkg': _=/usr/bin/env /usr/bin/cmake --build /home/user/ros2_ws/build/my_tf_ros2_course_pkg -- -j8 -l8
[11.462s] DEBUG:colcon.colcon_core.event_handler.log_command:Invoked command in '/home/user/ros2_ws/build/my_tf_ros2_course_pkg' returned '0': _=/usr/bin/env /usr/bin/cmake --build /home/user/ros2_ws/build/my_tf_ros2_course_pkg -- -j8 -l8
[11.543s] DEBUG:colcon.colcon_core.event_handler.log_command:Invoking command in '/home/user/ros2_ws/build/my_tf_ros2_course_pkg': _=/usr/bin/env /usr/bin/cmake --install /home/user/ros2_ws/build/my_tf_ros2_course_pkg
[11.556s] Level 1:colcon.colcon_core.environment:create_environment_scripts_only(my_tf_ros2_course_pkg)
[11.557s] DEBUG:colcon.colcon_core.event_handler.log_command:Invoked command in '/home/user/ros2_ws/build/my_tf_ros2_course_pkg' returned '0': _=/usr/bin/env /usr/bin/cmake --install /home/user/ros2_ws/build/my_tf_ros2_course_pkg
[11.586s] Level 1:colcon.colcon_core.environment:checking '/home/user/ros2_ws/install/my_tf_ros2_course_pkg' for CMake module files
[11.587s] Level 1:colcon.colcon_core.environment:checking '/home/user/ros2_ws/install/my_tf_ros2_course_pkg' for CMake config files
[11.588s] Level 1:colcon.colcon_core.shell:create_environment_hook('my_tf_ros2_course_pkg', 'cmake_prefix_path')
[11.609s] INFO:colcon.colcon_core.shell:Creating environment hook '/home/user/ros2_ws/install/my_tf_ros2_course_pkg/share/my_tf_ros2_course_pkg/hook/cmake_prefix_path.ps1'
[11.610s] INFO:colcon.colcon_core.shell:Creating environment descriptor '/home/user/ros2_ws/install/my_tf_ros2_course_pkg/share/my_tf_ros2_course_pkg/hook/cmake_prefix_path.dsv'
[11.612s] INFO:colcon.colcon_core.shell:Creating environment hook '/home/user/ros2_ws/install/my_tf_ros2_course_pkg/share/my_tf_ros2_course_pkg/hook/cmake_prefix_path.sh'
[11.614s] Level 1:colcon.colcon_core.environment:checking '/home/user/ros2_ws/install/my_tf_ros2_course_pkg/lib'
[11.615s] Level 1:colcon.colcon_core.environment:checking '/home/user/ros2_ws/install/my_tf_ros2_course_pkg/bin'
[11.615s] Level 1:colcon.colcon_core.environment:checking '/home/user/ros2_ws/install/my_tf_ros2_course_pkg/lib/pkgconfig/my_tf_ros2_course_pkg.pc'
[11.615s] Level 1:colcon.colcon_core.environment:checking '/home/user/ros2_ws/install/my_tf_ros2_course_pkg/lib/python3.10/site-packages'
[11.616s] Level 1:colcon.colcon_core.environment:checking '/home/user/ros2_ws/install/my_tf_ros2_course_pkg/bin'
[11.639s] INFO:colcon.colcon_core.shell:Creating package script '/home/user/ros2_ws/install/my_tf_ros2_course_pkg/share/my_tf_ros2_course_pkg/package.ps1'
[11.641s] INFO:colcon.colcon_core.shell:Creating package descriptor '/home/user/ros2_ws/install/my_tf_ros2_course_pkg/share/my_tf_ros2_course_pkg/package.dsv'
[11.642s] INFO:colcon.colcon_core.shell:Creating package script '/home/user/ros2_ws/install/my_tf_ros2_course_pkg/share/my_tf_ros2_course_pkg/package.sh'
[11.644s] INFO:colcon.colcon_core.shell:Creating package script '/home/user/ros2_ws/install/my_tf_ros2_course_pkg/share/my_tf_ros2_course_pkg/package.bash'
[11.647s] INFO:colcon.colcon_core.shell:Creating package script '/home/user/ros2_ws/install/my_tf_ros2_course_pkg/share/my_tf_ros2_course_pkg/package.zsh'
[11.649s] Level 1:colcon.colcon_core.environment:create_file_with_runtime_dependencies(/home/user/ros2_ws/install/my_tf_ros2_course_pkg/share/colcon-core/packages/my_tf_ros2_course_pkg)
[11.732s] Level 1:colcon.colcon_core.environment:create_environment_scripts_only(my_tf_ros2_course_pkg)
[11.754s] Level 1:colcon.colcon_core.environment:checking '/home/user/ros2_ws/install/my_tf_ros2_course_pkg' for CMake module files
[11.755s] Level 1:colcon.colcon_core.environment:checking '/home/user/ros2_ws/install/my_tf_ros2_course_pkg' for CMake config files
[11.756s] Level 1:colcon.colcon_core.shell:create_environment_hook('my_tf_ros2_course_pkg', 'cmake_prefix_path')
[11.774s] INFO:colcon.colcon_core.shell:Creating environment hook '/home/user/ros2_ws/install/my_tf_ros2_course_pkg/share/my_tf_ros2_course_pkg/hook/cmake_prefix_path.ps1'
[11.775s] INFO:colcon.colcon_core.shell:Creating environment descriptor '/home/user/ros2_ws/install/my_tf_ros2_course_pkg/share/my_tf_ros2_course_pkg/hook/cmake_prefix_path.dsv'
[11.775s] INFO:colcon.colcon_core.shell:Creating environment hook '/home/user/ros2_ws/install/my_tf_ros2_course_pkg/share/my_tf_ros2_course_pkg/hook/cmake_prefix_path.sh'
[11.776s] Level 1:colcon.colcon_core.environment:checking '/home/user/ros2_ws/install/my_tf_ros2_course_pkg/lib'
[11.776s] Level 1:colcon.colcon_core.environment:checking '/home/user/ros2_ws/install/my_tf_ros2_course_pkg/bin'
[11.776s] Level 1:colcon.colcon_core.environment:checking '/home/user/ros2_ws/install/my_tf_ros2_course_pkg/lib/pkgconfig/my_tf_ros2_course_pkg.pc'
[11.777s] Level 1:colcon.colcon_core.environment:checking '/home/user/ros2_ws/install/my_tf_ros2_course_pkg/lib/python3.10/site-packages'
[11.777s] Level 1:colcon.colcon_core.environment:checking '/home/user/ros2_ws/install/my_tf_ros2_course_pkg/bin'
[11.797s] INFO:colcon.colcon_core.shell:Creating package script '/home/user/ros2_ws/install/my_tf_ros2_course_pkg/share/my_tf_ros2_course_pkg/package.ps1'
[11.798s] INFO:colcon.colcon_core.shell:Creating package descriptor '/home/user/ros2_ws/install/my_tf_ros2_course_pkg/share/my_tf_ros2_course_pkg/package.dsv'
[11.799s] INFO:colcon.colcon_core.shell:Creating package script '/home/user/ros2_ws/install/my_tf_ros2_course_pkg/share/my_tf_ros2_course_pkg/package.sh'
[11.799s] INFO:colcon.colcon_core.shell:Creating package script '/home/user/ros2_ws/install/my_tf_ros2_course_pkg/share/my_tf_ros2_course_pkg/package.bash'
[11.800s] INFO:colcon.colcon_core.shell:Creating package script '/home/user/ros2_ws/install/my_tf_ros2_course_pkg/share/my_tf_ros2_course_pkg/package.zsh'
[11.801s] Level 1:colcon.colcon_core.environment:create_file_with_runtime_dependencies(/home/user/ros2_ws/install/my_tf_ros2_course_pkg/share/colcon-core/packages/my_tf_ros2_course_pkg)
[11.801s] DEBUG:colcon.colcon_parallel_executor.executor.parallel:closing loop
[11.802s] DEBUG:colcon.colcon_parallel_executor.executor.parallel:loop closed
[11.802s] DEBUG:colcon.colcon_parallel_executor.executor.parallel:run_until_complete finished with '0'
[11.802s] DEBUG:colcon.colcon_core.event_reactor:joining thread
[11.846s] INFO:colcon.colcon_core.plugin_system:Skipping extension 'colcon_notification.desktop_notification.notify_send': Could not find 'notify-send'
[11.846s] INFO:colcon.colcon_core.plugin_system:Skipping extension 'colcon_notification.desktop_notification.terminal_notifier': Not used on non-Darwin systems
[11.847s] INFO:colcon.colcon_core.plugin_system:Skipping extension 'colcon_notification.desktop_notification.win32': Not used on non-Windows systems
[11.847s] INFO:colcon.colcon_notification.desktop_notification:Sending desktop notification using 'notify2'
[11.851s] DEBUG:colcon.colcon_notification.desktop_notification.notify2:Failed to initialize notify2: org.freedesktop.DBus.Error.Spawn.ExecFailed: /usr/bin/dbus-launch terminated abnormally without any error message
[11.851s] DEBUG:colcon.colcon_core.event_reactor:joined thread
[11.873s] INFO:colcon.colcon_core.shell:Creating prefix script '/home/user/ros2_ws/install/local_setup.ps1'
[11.875s] INFO:colcon.colcon_core.shell:Creating prefix util module '/home/user/ros2_ws/install/_local_setup_util_ps1.py'
[11.879s] INFO:colcon.colcon_core.shell:Creating prefix chain script '/home/user/ros2_ws/install/setup.ps1'
[11.903s] INFO:colcon.colcon_core.shell:Creating prefix script '/home/user/ros2_ws/install/local_setup.sh'
[11.905s] INFO:colcon.colcon_core.shell:Creating prefix util module '/home/user/ros2_ws/install/_local_setup_util_sh.py'
[11.906s] INFO:colcon.colcon_core.shell:Creating prefix chain script '/home/user/ros2_ws/install/setup.sh'
[11.931s] INFO:colcon.colcon_core.shell:Creating prefix script '/home/user/ros2_ws/install/local_setup.bash'
[11.932s] INFO:colcon.colcon_core.shell:Creating prefix chain script '/home/user/ros2_ws/install/setup.bash'
[11.955s] INFO:colcon.colcon_core.shell:Creating prefix script '/home/user/ros2_ws/install/local_setup.zsh'
[11.956s] INFO:colcon.colcon_core.shell:Creating prefix chain script '/home/user/ros2_ws/install/setup.zsh'
[11.982s] INFO:colcon.colcon_core.shell:Creating '/home/user/ros2_ws/install/spawn_shell.bash'
