[0.095s] Invoking command in '/home/user/ros2_ws/build/my_tf_ros2_course_pkg': _=/usr/bin/env /usr/bin/cmake --build /home/user/ros2_ws/build/my_tf_ros2_course_pkg -- -j8 -l8
[1.357s] -- Found ament_cmake: 1.3.2 (/opt/ros/humble/share/ament_cmake/cmake)
[1.791s] -- Found tf2_ros: 0.25.1 (/opt/ros/humble/share/tf2_ros/cmake)
[1.882s] -- Found rosidl_generator_c: 3.1.3 (/opt/ros/humble/share/rosidl_generator_c/cmake)
[1.890s] -- Found rosidl_adapter: 3.1.3 (/opt/ros/humble/share/rosidl_adapter/cmake)
[2.009s] -- Found rosidl_generator_cpp: 3.1.3 (/opt/ros/humble/share/rosidl_generator_cpp/cmake)
[2.040s] -- Using all available rosidl_typesupport_c: rosidl_typesupport_fastrtps_c;rosidl_typesupport_introspection_c
[2.078s] -- Using all available rosidl_typesupport_cpp: rosidl_typesupport_fastrtps_cpp;rosidl_typesupport_introspection_cpp
[2.535s] -- Found rmw_implementation_cmake: 6.1.0 (/opt/ros/humble/share/rmw_implementation_cmake/cmake)
[2.540s] -- Found rmw_fastrtps_cpp: 6.2.1 (/opt/ros/humble/share/rmw_fastrtps_cpp/cmake)
[2.969s] -- Using RMW implementation 'rmw_fastrtps_cpp' as default
[3.911s] -- Found nav_msgs: 4.2.2 (/opt/ros/humble/share/nav_msgs/cmake)
[4.165s] -- Found ament_lint_auto: 0.12.4 (/opt/ros/humble/share/ament_lint_auto/cmake)
[4.294s] -- Added test 'copyright' to check source files copyright and LICENSE
[4.300s] -- Added test 'flake8' to check Python code syntax and style conventions
[4.302s] -- Added test 'lint_cmake' to check CMake code style
[4.302s] -- Added test 'pep257' to check Python code against some of the docstring style conventions in PEP 257
[4.304s] -- Added test 'xmllint' to check XML markup files
[4.306s] -- Configuring done
[4.318s] -- Generating done
[4.321s] -- Build files have been written to: /home/user/ros2_ws/build/my_tf_ros2_course_pkg
[4.364s] Invoked command in '/home/user/ros2_ws/build/my_tf_ros2_course_pkg' returned '0': _=/usr/bin/env /usr/bin/cmake --build /home/user/ros2_ws/build/my_tf_ros2_course_pkg -- -j8 -l8
[4.445s] Invoking command in '/home/user/ros2_ws/build/my_tf_ros2_course_pkg': _=/usr/bin/env /usr/bin/cmake --install /home/user/ros2_ws/build/my_tf_ros2_course_pkg
[4.454s] -- Install configuration: ""
[4.454s] -- Up-to-date: /home/user/ros2_ws/install/my_tf_ros2_course_pkg/share/my_tf_ros2_course_pkg//launch
[4.454s] -- Up-to-date: /home/user/ros2_ws/install/my_tf_ros2_course_pkg/share/my_tf_ros2_course_pkg//launch/publish_static_transform_odom_to_world.launch.py
[4.454s] -- Installing: /home/user/ros2_ws/install/my_tf_ros2_course_pkg/share/my_tf_ros2_course_pkg//launch/start_tf_fixes.launch.xml
[4.454s] -- Installing: /home/user/ros2_ws/install/my_tf_ros2_course_pkg/share/my_tf_ros2_course_pkg//launch/spawn_without_robot_state_publisher.launch.py
[4.454s] -- Up-to-date: /home/user/ros2_ws/install/my_tf_ros2_course_pkg/lib/my_tf_ros2_course_pkg/cam_bot_odom_to_tf_pub.py
[4.454s] -- Up-to-date: /home/user/ros2_ws/install/my_tf_ros2_course_pkg/lib/my_tf_ros2_course_pkg/cam_bot_odom_to_tf_pub_late_tf_fixed.py
[4.454s] -- Installing: /home/user/ros2_ws/install/my_tf_ros2_course_pkg/lib/my_tf_ros2_course_pkg/static_broadcaster_front_turtle_frame.py
[4.455s] -- Installing: /home/user/ros2_ws/install/my_tf_ros2_course_pkg/lib/my_tf_ros2_course_pkg/move_generic_model.py
[4.455s] -- Up-to-date: /home/user/ros2_ws/install/my_tf_ros2_course_pkg/share/ament_index/resource_index/package_run_dependencies/my_tf_ros2_course_pkg
[4.455s] -- Installing: /home/user/ros2_ws/install/my_tf_ros2_course_pkg/share/ament_index/resource_index/parent_prefix_path/my_tf_ros2_course_pkg
[4.455s] -- Up-to-date: /home/user/ros2_ws/install/my_tf_ros2_course_pkg/share/my_tf_ros2_course_pkg/environment/ament_prefix_path.sh
[4.455s] -- Installing: /home/user/ros2_ws/install/my_tf_ros2_course_pkg/share/my_tf_ros2_course_pkg/environment/ament_prefix_path.dsv
[4.455s] -- Up-to-date: /home/user/ros2_ws/install/my_tf_ros2_course_pkg/share/my_tf_ros2_course_pkg/environment/path.sh
[4.455s] -- Installing: /home/user/ros2_ws/install/my_tf_ros2_course_pkg/share/my_tf_ros2_course_pkg/environment/path.dsv
[4.455s] -- Up-to-date: /home/user/ros2_ws/install/my_tf_ros2_course_pkg/share/my_tf_ros2_course_pkg/local_setup.bash
[4.455s] -- Up-to-date: /home/user/ros2_ws/install/my_tf_ros2_course_pkg/share/my_tf_ros2_course_pkg/local_setup.sh
[4.455s] -- Up-to-date: /home/user/ros2_ws/install/my_tf_ros2_course_pkg/share/my_tf_ros2_course_pkg/local_setup.zsh
[4.456s] -- Installing: /home/user/ros2_ws/install/my_tf_ros2_course_pkg/share/my_tf_ros2_course_pkg/local_setup.dsv
[4.456s] -- Installing: /home/user/ros2_ws/install/my_tf_ros2_course_pkg/share/my_tf_ros2_course_pkg/package.dsv
[4.456s] -- Up-to-date: /home/user/ros2_ws/install/my_tf_ros2_course_pkg/share/ament_index/resource_index/packages/my_tf_ros2_course_pkg
[4.456s] -- Up-to-date: /home/user/ros2_ws/install/my_tf_ros2_course_pkg/share/my_tf_ros2_course_pkg/cmake/my_tf_ros2_course_pkgConfig.cmake
[4.456s] -- Up-to-date: /home/user/ros2_ws/install/my_tf_ros2_course_pkg/share/my_tf_ros2_course_pkg/cmake/my_tf_ros2_course_pkgConfig-version.cmake
[4.456s] -- Up-to-date: /home/user/ros2_ws/install/my_tf_ros2_course_pkg/share/my_tf_ros2_course_pkg/package.xml
[4.458s] Invoked command in '/home/user/ros2_ws/build/my_tf_ros2_course_pkg' returned '0': _=/usr/bin/env /usr/bin/cmake --install /home/user/ros2_ws/build/my_tf_ros2_course_pkg
