[0.101s] Invoking command in '/home/user/ros2_ws/build/my_tf_ros2_course_pkg': _=/usr/bin/env /usr/bin/cmake /home/user/ros2_ws/src/my_tf_ros2_course_pkg -DCMAKE_INSTALL_PREFIX=/home/user/ros2_ws/install/my_tf_ros2_course_pkg
[8.183s] -- The C compiler identification is GNU 11.2.0
[12.166s] -- The CXX compiler identification is GNU 11.2.0
[12.249s] -- Detecting C compiler ABI info
[12.604s] -- Detecting C compiler ABI info - done
[12.622s] -- Check for working C compiler: /usr/bin/cc - skipped
[12.623s] -- Detecting C compile features
[12.684s] -- Detecting C compile features - done
[12.692s] -- Detecting CXX compiler ABI info
[13.034s] -- Detecting CXX compiler ABI info - done
[13.049s] -- Check for working CXX compiler: /usr/bin/c++ - skipped
[13.049s] -- Detecting CXX compile features
[13.050s] -- Detecting CXX compile features - done
[13.065s] -- Found ament_cmake: 1.3.2 (/opt/ros/humble/share/ament_cmake/cmake)
[13.468s] -- Found Python3: /usr/bin/python3.10 (found version "3.10.6") found components: Interpreter 
[13.930s] -- Found tf2_ros: 0.25.1 (/opt/ros/humble/share/tf2_ros/cmake)
[14.086s] -- Found rosidl_generator_c: 3.1.3 (/opt/ros/humble/share/rosidl_generator_c/cmake)
[14.109s] -- Found rosidl_adapter: 3.1.3 (/opt/ros/humble/share/rosidl_adapter/cmake)
[14.262s] -- Found rosidl_generator_cpp: 3.1.3 (/opt/ros/humble/share/rosidl_generator_cpp/cmake)
[14.315s] -- Using all available rosidl_typesupport_c: rosidl_typesupport_fastrtps_c;rosidl_typesupport_introspection_c
[14.380s] -- Using all available rosidl_typesupport_cpp: rosidl_typesupport_fastrtps_cpp;rosidl_typesupport_introspection_cpp
[15.438s] -- Found rmw_implementation_cmake: 6.1.0 (/opt/ros/humble/share/rmw_implementation_cmake/cmake)
[15.451s] -- Found rmw_fastrtps_cpp: 6.2.1 (/opt/ros/humble/share/rmw_fastrtps_cpp/cmake)
[16.040s] -- Found OpenSSL: /usr/lib/x86_64-linux-gnu/libcrypto.so (found version "3.0.2")  
[16.120s] -- Found FastRTPS: /opt/ros/humble/include  
[16.230s] -- Using RMW implementation 'rmw_fastrtps_cpp' as default
[17.587s] -- Found nav_msgs: 4.2.2 (/opt/ros/humble/share/nav_msgs/cmake)
[17.891s] -- Found ament_lint_auto: 0.12.4 (/opt/ros/humble/share/ament_lint_auto/cmake)
[18.107s] -- Added test 'copyright' to check source files copyright and LICENSE
[18.112s] -- Added test 'flake8' to check Python code syntax and style conventions
[18.116s] -- Added test 'lint_cmake' to check CMake code style
[18.116s] -- Added test 'pep257' to check Python code against some of the docstring style conventions in PEP 257
[18.121s] -- Added test 'xmllint' to check XML markup files
[18.125s] -- Configuring done
[18.137s] -- Generating done
[18.141s] -- Build files have been written to: /home/user/ros2_ws/build/my_tf_ros2_course_pkg
[18.162s] Invoked command in '/home/user/ros2_ws/build/my_tf_ros2_course_pkg' returned '0': _=/usr/bin/env /usr/bin/cmake /home/user/ros2_ws/src/my_tf_ros2_course_pkg -DCMAKE_INSTALL_PREFIX=/home/user/ros2_ws/install/my_tf_ros2_course_pkg
[18.163s] Invoking command in '/home/user/ros2_ws/build/my_tf_ros2_course_pkg': _=/usr/bin/env /usr/bin/cmake --build /home/user/ros2_ws/build/my_tf_ros2_course_pkg -- -j8 -l8
[18.225s] Invoked command in '/home/user/ros2_ws/build/my_tf_ros2_course_pkg' returned '0': _=/usr/bin/env /usr/bin/cmake --build /home/user/ros2_ws/build/my_tf_ros2_course_pkg -- -j8 -l8
[18.290s] Invoking command in '/home/user/ros2_ws/build/my_tf_ros2_course_pkg': _=/usr/bin/env /usr/bin/cmake --install /home/user/ros2_ws/build/my_tf_ros2_course_pkg
[18.302s] -- Install configuration: ""
[18.302s] -- Installing: /home/user/ros2_ws/install/my_tf_ros2_course_pkg/lib/my_tf_ros2_course_pkg/cam_bot_odom_to_tf_pub.py
[18.304s] -- Installing: /home/user/ros2_ws/install/my_tf_ros2_course_pkg/share/ament_index/resource_index/package_run_dependencies/my_tf_ros2_course_pkg
[18.304s] -- Installing: /home/user/ros2_ws/install/my_tf_ros2_course_pkg/share/ament_index/resource_index/parent_prefix_path/my_tf_ros2_course_pkg
[18.305s] -- Installing: /home/user/ros2_ws/install/my_tf_ros2_course_pkg/share/my_tf_ros2_course_pkg/environment/ament_prefix_path.sh
[18.305s] -- Installing: /home/user/ros2_ws/install/my_tf_ros2_course_pkg/share/my_tf_ros2_course_pkg/environment/ament_prefix_path.dsv
[18.305s] -- Installing: /home/user/ros2_ws/install/my_tf_ros2_course_pkg/share/my_tf_ros2_course_pkg/environment/path.sh
[18.305s] -- Installing: /home/user/ros2_ws/install/my_tf_ros2_course_pkg/share/my_tf_ros2_course_pkg/environment/path.dsv
[18.305s] -- Installing: /home/user/ros2_ws/install/my_tf_ros2_course_pkg/share/my_tf_ros2_course_pkg/local_setup.bash
[18.305s] -- Installing: /home/user/ros2_ws/install/my_tf_ros2_course_pkg/share/my_tf_ros2_course_pkg/local_setup.sh
[18.305s] -- Installing: /home/user/ros2_ws/install/my_tf_ros2_course_pkg/share/my_tf_ros2_course_pkg/local_setup.zsh
[18.306s] -- Installing: /home/user/ros2_ws/install/my_tf_ros2_course_pkg/share/my_tf_ros2_course_pkg/local_setup.dsv
[18.306s] -- Installing: /home/user/ros2_ws/install/my_tf_ros2_course_pkg/share/my_tf_ros2_course_pkg/package.dsv
[18.306s] -- Installing: /home/user/ros2_ws/install/my_tf_ros2_course_pkg/share/ament_index/resource_index/packages/my_tf_ros2_course_pkg
[18.306s] -- Installing: /home/user/ros2_ws/install/my_tf_ros2_course_pkg/share/my_tf_ros2_course_pkg/cmake/my_tf_ros2_course_pkgConfig.cmake
[18.306s] -- Installing: /home/user/ros2_ws/install/my_tf_ros2_course_pkg/share/my_tf_ros2_course_pkg/cmake/my_tf_ros2_course_pkgConfig-version.cmake
[18.306s] -- Installing: /home/user/ros2_ws/install/my_tf_ros2_course_pkg/share/my_tf_ros2_course_pkg/package.xml
[18.311s] Invoked command in '/home/user/ros2_ws/build/my_tf_ros2_course_pkg' returned '0': _=/usr/bin/env /usr/bin/cmake --install /home/user/ros2_ws/build/my_tf_ros2_course_pkg
