[0.189s] Invoking command in '/home/user/ros2_ws/build/my_tf_ros2_course_pkg': _=/usr/bin/env /usr/bin/cmake --build /home/user/ros2_ws/build/my_tf_ros2_course_pkg -- -j8 -l8
[8.416s] -- Found ament_cmake: 1.3.2 (/opt/ros/humble/share/ament_cmake/cmake)
[8.874s] -- Found tf2_ros: 0.25.1 (/opt/ros/humble/share/tf2_ros/cmake)
[9.050s] -- Found rosidl_generator_c: 3.1.3 (/opt/ros/humble/share/rosidl_generator_c/cmake)
[9.062s] -- Found rosidl_adapter: 3.1.3 (/opt/ros/humble/share/rosidl_adapter/cmake)
[9.199s] -- Found rosidl_generator_cpp: 3.1.3 (/opt/ros/humble/share/rosidl_generator_cpp/cmake)
[9.232s] -- Using all available rosidl_typesupport_c: rosidl_typesupport_fastrtps_c;rosidl_typesupport_introspection_c
[9.275s] -- Using all available rosidl_typesupport_cpp: rosidl_typesupport_fastrtps_cpp;rosidl_typesupport_introspection_cpp
[10.031s] -- Found rmw_implementation_cmake: 6.1.0 (/opt/ros/humble/share/rmw_implementation_cmake/cmake)
[10.038s] -- Found rmw_fastrtps_cpp: 6.2.1 (/opt/ros/humble/share/rmw_fastrtps_cpp/cmake)
[10.851s] -- Using RMW implementation 'rmw_fastrtps_cpp' as default
[11.840s] -- Found nav_msgs: 4.2.2 (/opt/ros/humble/share/nav_msgs/cmake)
[12.065s] -- Found ament_lint_auto: 0.12.4 (/opt/ros/humble/share/ament_lint_auto/cmake)
[12.186s] -- Added test 'copyright' to check source files copyright and LICENSE
[12.191s] -- Added test 'flake8' to check Python code syntax and style conventions
[12.192s] -- Added test 'lint_cmake' to check CMake code style
[12.193s] -- Added test 'pep257' to check Python code against some of the docstring style conventions in PEP 257
[12.196s] -- Added test 'xmllint' to check XML markup files
[12.198s] -- Configuring done
[12.211s] -- Generating done
[12.215s] -- Build files have been written to: /home/user/ros2_ws/build/my_tf_ros2_course_pkg
[12.257s] Invoked command in '/home/user/ros2_ws/build/my_tf_ros2_course_pkg' returned '0': _=/usr/bin/env /usr/bin/cmake --build /home/user/ros2_ws/build/my_tf_ros2_course_pkg -- -j8 -l8
[12.313s] Invoking command in '/home/user/ros2_ws/build/my_tf_ros2_course_pkg': _=/usr/bin/env /usr/bin/cmake --install /home/user/ros2_ws/build/my_tf_ros2_course_pkg
[12.321s] -- Install configuration: ""
[12.321s] -- Up-to-date: /home/user/ros2_ws/install/my_tf_ros2_course_pkg/lib/my_tf_ros2_course_pkg/cam_bot_odom_to_tf_pub.py
[12.321s] -- Installing: /home/user/ros2_ws/install/my_tf_ros2_course_pkg/lib/my_tf_ros2_course_pkg/cam_bot_odom_to_tf_pub_late_tf_fixed.py
[12.321s] -- Up-to-date: /home/user/ros2_ws/install/my_tf_ros2_course_pkg/share/ament_index/resource_index/package_run_dependencies/my_tf_ros2_course_pkg
[12.322s] -- Up-to-date: /home/user/ros2_ws/install/my_tf_ros2_course_pkg/share/ament_index/resource_index/parent_prefix_path/my_tf_ros2_course_pkg
[12.322s] -- Up-to-date: /home/user/ros2_ws/install/my_tf_ros2_course_pkg/share/my_tf_ros2_course_pkg/environment/ament_prefix_path.sh
[12.322s] -- Installing: /home/user/ros2_ws/install/my_tf_ros2_course_pkg/share/my_tf_ros2_course_pkg/environment/ament_prefix_path.dsv
[12.322s] -- Up-to-date: /home/user/ros2_ws/install/my_tf_ros2_course_pkg/share/my_tf_ros2_course_pkg/environment/path.sh
[12.323s] -- Installing: /home/user/ros2_ws/install/my_tf_ros2_course_pkg/share/my_tf_ros2_course_pkg/environment/path.dsv
[12.323s] -- Up-to-date: /home/user/ros2_ws/install/my_tf_ros2_course_pkg/share/my_tf_ros2_course_pkg/local_setup.bash
[12.323s] -- Up-to-date: /home/user/ros2_ws/install/my_tf_ros2_course_pkg/share/my_tf_ros2_course_pkg/local_setup.sh
[12.323s] -- Up-to-date: /home/user/ros2_ws/install/my_tf_ros2_course_pkg/share/my_tf_ros2_course_pkg/local_setup.zsh
[12.323s] -- Installing: /home/user/ros2_ws/install/my_tf_ros2_course_pkg/share/my_tf_ros2_course_pkg/local_setup.dsv
[12.323s] -- Installing: /home/user/ros2_ws/install/my_tf_ros2_course_pkg/share/my_tf_ros2_course_pkg/package.dsv
[12.324s] -- Up-to-date: /home/user/ros2_ws/install/my_tf_ros2_course_pkg/share/ament_index/resource_index/packages/my_tf_ros2_course_pkg
[12.324s] -- Up-to-date: /home/user/ros2_ws/install/my_tf_ros2_course_pkg/share/my_tf_ros2_course_pkg/cmake/my_tf_ros2_course_pkgConfig.cmake
[12.324s] -- Up-to-date: /home/user/ros2_ws/install/my_tf_ros2_course_pkg/share/my_tf_ros2_course_pkg/cmake/my_tf_ros2_course_pkgConfig-version.cmake
[12.324s] -- Up-to-date: /home/user/ros2_ws/install/my_tf_ros2_course_pkg/share/my_tf_ros2_course_pkg/package.xml
[12.325s] Invoked command in '/home/user/ros2_ws/build/my_tf_ros2_course_pkg' returned '0': _=/usr/bin/env /usr/bin/cmake --install /home/user/ros2_ws/build/my_tf_ros2_course_pkg
