[3.029s] DEBUG:colcon:Command line arguments: ['/usr/bin/colcon', 'build']
[3.029s] DEBUG:colcon:Parsed command line arguments: Namespace(log_base=None, log_level=None, verb_name='build', build_base='build', install_base='install', merge_install=False, symlink_install=False, test_result_base=None, continue_on_error=False, executor='parallel', parallel_workers=8, event_handlers=None, ignore_user_meta=False, metas=['./colcon.meta'], base_paths=['.'], packages_ignore=None, packages_ignore_regex=None, paths=None, packages_up_to=None, packages_up_to_regex=None, packages_above=None, packages_above_and_dependencies=None, packages_above_depth=None, packages_select_by_dep=None, packages_skip_by_dep=None, packages_skip_up_to=None, packages_select_build_failed=False, packages_skip_build_finished=False, packages_select_test_failures=False, packages_skip_test_passed=False, packages_select=None, packages_skip=None, packages_select_regex=None, packages_skip_regex=None, packages_start=None, packages_end=None, allow_overriding=[], cmake_args=None, cmake_target=None, cmake_target_skip_unavailable=False, cmake_clean_cache=False, cmake_clean_first=False, cmake_force_configure=False, meson_args=[], ament_cmake_args=None, catkin_cmake_args=None, catkin_skip_building_tests=False, mixin_files=None, mixin=None, verb_parser=<colcon_alias.argument_parser.alias.AliasArgumentDecorator object at 0x7f8c0e8e2050>, verb_extension=<colcon_core.verb.build.BuildVerb object at 0x7f8c0e8e3460>, main=<bound method BuildVerb.main of <colcon_core.verb.build.BuildVerb object at 0x7f8c0e8e3460>>, mixin_verb=('build',))
[3.170s] Level 1:colcon.colcon_core.package_discovery:discover_packages(colcon_meta) check parameters
[3.170s] Level 1:colcon.colcon_core.package_discovery:discover_packages(recursive) check parameters
[3.170s] Level 1:colcon.colcon_core.package_discovery:discover_packages(ignore) check parameters
[3.170s] Level 1:colcon.colcon_core.package_discovery:discover_packages(path) check parameters
[3.170s] Level 1:colcon.colcon_core.package_discovery:discover_packages(colcon_meta) discover
[3.171s] Level 1:colcon.colcon_core.package_discovery:discover_packages(recursive) discover
[3.171s] INFO:colcon.colcon_core.package_discovery:Crawling recursively for packages in '/home/user/ros2_ws'
[3.171s] Level 1:colcon.colcon_core.package_identification:_identify(.) by extensions ['ignore', 'ignore_ament_install']
[3.171s] Level 1:colcon.colcon_core.package_identification:_identify(.) by extension 'ignore'
[3.171s] Level 1:colcon.colcon_core.package_identification:_identify(.) by extension 'ignore_ament_install'
[3.171s] Level 1:colcon.colcon_core.package_identification:_identify(.) by extensions ['colcon_pkg']
[3.171s] Level 1:colcon.colcon_core.package_identification:_identify(.) by extension 'colcon_pkg'
[3.171s] Level 1:colcon.colcon_core.package_identification:_identify(.) by extensions ['colcon_meta']
[3.171s] Level 1:colcon.colcon_core.package_identification:_identify(.) by extension 'colcon_meta'
[3.171s] Level 1:colcon.colcon_core.package_identification:_identify(.) by extensions ['ros']
[3.171s] Level 1:colcon.colcon_core.package_identification:_identify(.) by extension 'ros'
[3.190s] Level 1:colcon.colcon_core.package_identification:_identify(.) by extensions ['cmake', 'meson', 'python']
[3.190s] Level 1:colcon.colcon_core.package_identification:_identify(.) by extension 'cmake'
[3.190s] Level 1:colcon.colcon_core.package_identification:_identify(.) by extension 'meson'
[3.190s] Level 1:colcon.colcon_core.package_identification:_identify(.) by extension 'python'
[3.190s] Level 1:colcon.colcon_core.package_identification:_identify(.) by extensions ['python_setup_py']
[3.190s] Level 1:colcon.colcon_core.package_identification:_identify(.) by extension 'python_setup_py'
[3.191s] Level 1:colcon.colcon_core.package_identification:_identify(build) by extensions ['ignore', 'ignore_ament_install']
[3.191s] Level 1:colcon.colcon_core.package_identification:_identify(build) by extension 'ignore'
[3.191s] Level 1:colcon.colcon_core.package_identification:_identify(build) ignored
[3.191s] Level 1:colcon.colcon_core.package_identification:_identify(install) by extensions ['ignore', 'ignore_ament_install']
[3.191s] Level 1:colcon.colcon_core.package_identification:_identify(install) by extension 'ignore'
[3.191s] Level 1:colcon.colcon_core.package_identification:_identify(install) ignored
[3.191s] Level 1:colcon.colcon_core.package_identification:_identify(log) by extensions ['ignore', 'ignore_ament_install']
[3.192s] Level 1:colcon.colcon_core.package_identification:_identify(log) by extension 'ignore'
[3.192s] Level 1:colcon.colcon_core.package_identification:_identify(log) ignored
[3.192s] Level 1:colcon.colcon_core.package_identification:_identify(src) by extensions ['ignore', 'ignore_ament_install']
[3.192s] Level 1:colcon.colcon_core.package_identification:_identify(src) by extension 'ignore'
[3.192s] Level 1:colcon.colcon_core.package_identification:_identify(src) by extension 'ignore_ament_install'
[3.192s] Level 1:colcon.colcon_core.package_identification:_identify(src) by extensions ['colcon_pkg']
[3.192s] Level 1:colcon.colcon_core.package_identification:_identify(src) by extension 'colcon_pkg'
[3.192s] Level 1:colcon.colcon_core.package_identification:_identify(src) by extensions ['colcon_meta']
[3.192s] Level 1:colcon.colcon_core.package_identification:_identify(src) by extension 'colcon_meta'
[3.192s] Level 1:colcon.colcon_core.package_identification:_identify(src) by extensions ['ros']
[3.193s] Level 1:colcon.colcon_core.package_identification:_identify(src) by extension 'ros'
[3.193s] Level 1:colcon.colcon_core.package_identification:_identify(src) by extensions ['cmake', 'meson', 'python']
[3.193s] Level 1:colcon.colcon_core.package_identification:_identify(src) by extension 'cmake'
[3.193s] Level 1:colcon.colcon_core.package_identification:_identify(src) by extension 'meson'
[3.193s] Level 1:colcon.colcon_core.package_identification:_identify(src) by extension 'python'
[3.193s] Level 1:colcon.colcon_core.package_identification:_identify(src) by extensions ['python_setup_py']
[3.193s] Level 1:colcon.colcon_core.package_identification:_identify(src) by extension 'python_setup_py'
[3.193s] Level 1:colcon.colcon_core.package_identification:_identify(src/my_tf_ros2_course_pkg) by extensions ['ignore', 'ignore_ament_install']
[3.193s] Level 1:colcon.colcon_core.package_identification:_identify(src/my_tf_ros2_course_pkg) by extension 'ignore'
[3.194s] Level 1:colcon.colcon_core.package_identification:_identify(src/my_tf_ros2_course_pkg) by extension 'ignore_ament_install'
[3.194s] Level 1:colcon.colcon_core.package_identification:_identify(src/my_tf_ros2_course_pkg) by extensions ['colcon_pkg']
[3.194s] Level 1:colcon.colcon_core.package_identification:_identify(src/my_tf_ros2_course_pkg) by extension 'colcon_pkg'
[3.194s] Level 1:colcon.colcon_core.package_identification:_identify(src/my_tf_ros2_course_pkg) by extensions ['colcon_meta']
[3.194s] Level 1:colcon.colcon_core.package_identification:_identify(src/my_tf_ros2_course_pkg) by extension 'colcon_meta'
[3.194s] Level 1:colcon.colcon_core.package_identification:_identify(src/my_tf_ros2_course_pkg) by extensions ['ros']
[3.194s] Level 1:colcon.colcon_core.package_identification:_identify(src/my_tf_ros2_course_pkg) by extension 'ros'
[3.198s] DEBUG:colcon.colcon_core.package_identification:Package 'src/my_tf_ros2_course_pkg' with type 'ros.ament_cmake' and name 'my_tf_ros2_course_pkg'
[3.199s] Level 1:colcon.colcon_core.package_discovery:discover_packages(recursive) using defaults
[3.199s] Level 1:colcon.colcon_core.package_discovery:discover_packages(ignore) discover
[3.199s] Level 1:colcon.colcon_core.package_discovery:discover_packages(ignore) using defaults
[3.199s] Level 1:colcon.colcon_core.package_discovery:discover_packages(path) discover
[3.199s] Level 1:colcon.colcon_core.package_discovery:discover_packages(path) using defaults
[3.350s] Level 1:colcon.colcon_core.package_discovery:discover_packages(prefix_path) check parameters
[3.350s] Level 1:colcon.colcon_core.package_discovery:discover_packages(prefix_path) discover
[3.402s] DEBUG:colcon.colcon_installed_package_information.package_discovery:Found 7 installed packages in /home/simulations/ros2_sims_ws/install
[3.424s] DEBUG:colcon.colcon_installed_package_information.package_discovery:Found 419 installed packages in /opt/ros/humble
[3.428s] Level 1:colcon.colcon_core.package_discovery:discover_packages(prefix_path) using defaults
[3.688s] Level 5:colcon.colcon_core.verb:set package 'my_tf_ros2_course_pkg' build argument 'cmake_args' from command line to 'None'
[3.688s] Level 5:colcon.colcon_core.verb:set package 'my_tf_ros2_course_pkg' build argument 'cmake_target' from command line to 'None'
[3.688s] Level 5:colcon.colcon_core.verb:set package 'my_tf_ros2_course_pkg' build argument 'cmake_target_skip_unavailable' from command line to 'False'
[3.688s] Level 5:colcon.colcon_core.verb:set package 'my_tf_ros2_course_pkg' build argument 'cmake_clean_cache' from command line to 'False'
[3.688s] Level 5:colcon.colcon_core.verb:set package 'my_tf_ros2_course_pkg' build argument 'cmake_clean_first' from command line to 'False'
[3.688s] Level 5:colcon.colcon_core.verb:set package 'my_tf_ros2_course_pkg' build argument 'cmake_force_configure' from command line to 'False'
[3.688s] Level 5:colcon.colcon_core.verb:set package 'my_tf_ros2_course_pkg' build argument 'meson_args' from command line to '[]'
[3.688s] Level 5:colcon.colcon_core.verb:set package 'my_tf_ros2_course_pkg' build argument 'ament_cmake_args' from command line to 'None'
[3.688s] Level 5:colcon.colcon_core.verb:set package 'my_tf_ros2_course_pkg' build argument 'catkin_cmake_args' from command line to 'None'
[3.688s] Level 5:colcon.colcon_core.verb:set package 'my_tf_ros2_course_pkg' build argument 'catkin_skip_building_tests' from command line to 'False'
[3.688s] DEBUG:colcon.colcon_core.verb:Building package 'my_tf_ros2_course_pkg' with the following arguments: {'ament_cmake_args': None, 'build_base': '/home/user/ros2_ws/build/my_tf_ros2_course_pkg', 'catkin_cmake_args': None, 'catkin_skip_building_tests': False, 'cmake_args': None, 'cmake_clean_cache': False, 'cmake_clean_first': False, 'cmake_force_configure': False, 'cmake_target': None, 'cmake_target_skip_unavailable': False, 'install_base': '/home/user/ros2_ws/install/my_tf_ros2_course_pkg', 'merge_install': False, 'meson_args': [], 'path': '/home/user/ros2_ws/src/my_tf_ros2_course_pkg', 'symlink_install': False, 'test_result_base': None}
[3.710s] INFO:colcon.colcon_core.executor:Executing jobs using 'parallel' executor
[3.732s] DEBUG:colcon.colcon_parallel_executor.executor.parallel:run_until_complete
[3.733s] INFO:colcon.colcon_ros.task.ament_cmake.build:Building ROS package in '/home/user/ros2_ws/src/my_tf_ros2_course_pkg' with build type 'ament_cmake'
[3.733s] INFO:colcon.colcon_cmake.task.cmake.build:Building CMake package in '/home/user/ros2_ws/src/my_tf_ros2_course_pkg'
[3.764s] INFO:colcon.colcon_core.plugin_system:Skipping extension 'colcon_core.shell.bat': Not used on non-Windows systems
[3.765s] INFO:colcon.colcon_core.shell:Skip shell extension 'powershell' for command environment: Not usable outside of PowerShell
[3.765s] DEBUG:colcon.colcon_core.shell:Skip shell extension 'dsv' for command environment
[3.845s] DEBUG:colcon.colcon_core.event_handler.log_command:Invoking command in '/home/user/ros2_ws/build/my_tf_ros2_course_pkg': _=/usr/bin/env /usr/bin/cmake --build /home/user/ros2_ws/build/my_tf_ros2_course_pkg -- -j8 -l8
[4.077s] DEBUG:colcon.colcon_core.event_handler.log_command:Invoked command in '/home/user/ros2_ws/build/my_tf_ros2_course_pkg' returned '0': _=/usr/bin/env /usr/bin/cmake --build /home/user/ros2_ws/build/my_tf_ros2_course_pkg -- -j8 -l8
[4.148s] DEBUG:colcon.colcon_core.event_handler.log_command:Invoking command in '/home/user/ros2_ws/build/my_tf_ros2_course_pkg': _=/usr/bin/env /usr/bin/cmake --install /home/user/ros2_ws/build/my_tf_ros2_course_pkg
[4.169s] Level 1:colcon.colcon_core.environment:create_environment_scripts_only(my_tf_ros2_course_pkg)
[4.174s] DEBUG:colcon.colcon_core.event_handler.log_command:Invoked command in '/home/user/ros2_ws/build/my_tf_ros2_course_pkg' returned '0': _=/usr/bin/env /usr/bin/cmake --install /home/user/ros2_ws/build/my_tf_ros2_course_pkg
[4.207s] Level 1:colcon.colcon_core.environment:checking '/home/user/ros2_ws/install/my_tf_ros2_course_pkg' for CMake module files
[4.208s] Level 1:colcon.colcon_core.environment:checking '/home/user/ros2_ws/install/my_tf_ros2_course_pkg' for CMake config files
[4.208s] Level 1:colcon.colcon_core.shell:create_environment_hook('my_tf_ros2_course_pkg', 'cmake_prefix_path')
[4.231s] INFO:colcon.colcon_core.shell:Creating environment hook '/home/user/ros2_ws/install/my_tf_ros2_course_pkg/share/my_tf_ros2_course_pkg/hook/cmake_prefix_path.ps1'
[4.234s] INFO:colcon.colcon_core.shell:Creating environment descriptor '/home/user/ros2_ws/install/my_tf_ros2_course_pkg/share/my_tf_ros2_course_pkg/hook/cmake_prefix_path.dsv'
[4.235s] INFO:colcon.colcon_core.shell:Creating environment hook '/home/user/ros2_ws/install/my_tf_ros2_course_pkg/share/my_tf_ros2_course_pkg/hook/cmake_prefix_path.sh'
[4.239s] Level 1:colcon.colcon_core.environment:checking '/home/user/ros2_ws/install/my_tf_ros2_course_pkg/lib'
[4.239s] Level 1:colcon.colcon_core.environment:checking '/home/user/ros2_ws/install/my_tf_ros2_course_pkg/bin'
[4.239s] Level 1:colcon.colcon_core.environment:checking '/home/user/ros2_ws/install/my_tf_ros2_course_pkg/lib/pkgconfig/my_tf_ros2_course_pkg.pc'
[4.240s] Level 1:colcon.colcon_core.environment:checking '/home/user/ros2_ws/install/my_tf_ros2_course_pkg/lib/python3.10/site-packages'
[4.240s] Level 1:colcon.colcon_core.environment:checking '/home/user/ros2_ws/install/my_tf_ros2_course_pkg/bin'
[4.262s] INFO:colcon.colcon_core.shell:Creating package script '/home/user/ros2_ws/install/my_tf_ros2_course_pkg/share/my_tf_ros2_course_pkg/package.ps1'
[4.264s] INFO:colcon.colcon_core.shell:Creating package descriptor '/home/user/ros2_ws/install/my_tf_ros2_course_pkg/share/my_tf_ros2_course_pkg/package.dsv'
[4.266s] INFO:colcon.colcon_core.shell:Creating package script '/home/user/ros2_ws/install/my_tf_ros2_course_pkg/share/my_tf_ros2_course_pkg/package.sh'
[4.269s] INFO:colcon.colcon_core.shell:Creating package script '/home/user/ros2_ws/install/my_tf_ros2_course_pkg/share/my_tf_ros2_course_pkg/package.bash'
[4.270s] INFO:colcon.colcon_core.shell:Creating package script '/home/user/ros2_ws/install/my_tf_ros2_course_pkg/share/my_tf_ros2_course_pkg/package.zsh'
[4.272s] Level 1:colcon.colcon_core.environment:create_file_with_runtime_dependencies(/home/user/ros2_ws/install/my_tf_ros2_course_pkg/share/colcon-core/packages/my_tf_ros2_course_pkg)
[4.359s] Level 1:colcon.colcon_core.environment:create_environment_scripts_only(my_tf_ros2_course_pkg)
[4.378s] Level 1:colcon.colcon_core.environment:checking '/home/user/ros2_ws/install/my_tf_ros2_course_pkg' for CMake module files
[4.379s] Level 1:colcon.colcon_core.environment:checking '/home/user/ros2_ws/install/my_tf_ros2_course_pkg' for CMake config files
[4.380s] Level 1:colcon.colcon_core.shell:create_environment_hook('my_tf_ros2_course_pkg', 'cmake_prefix_path')
[4.399s] INFO:colcon.colcon_core.shell:Creating environment hook '/home/user/ros2_ws/install/my_tf_ros2_course_pkg/share/my_tf_ros2_course_pkg/hook/cmake_prefix_path.ps1'
[4.400s] INFO:colcon.colcon_core.shell:Creating environment descriptor '/home/user/ros2_ws/install/my_tf_ros2_course_pkg/share/my_tf_ros2_course_pkg/hook/cmake_prefix_path.dsv'
[4.401s] INFO:colcon.colcon_core.shell:Creating environment hook '/home/user/ros2_ws/install/my_tf_ros2_course_pkg/share/my_tf_ros2_course_pkg/hook/cmake_prefix_path.sh'
[4.402s] Level 1:colcon.colcon_core.environment:checking '/home/user/ros2_ws/install/my_tf_ros2_course_pkg/lib'
[4.402s] Level 1:colcon.colcon_core.environment:checking '/home/user/ros2_ws/install/my_tf_ros2_course_pkg/bin'
[4.402s] Level 1:colcon.colcon_core.environment:checking '/home/user/ros2_ws/install/my_tf_ros2_course_pkg/lib/pkgconfig/my_tf_ros2_course_pkg.pc'
[4.403s] Level 1:colcon.colcon_core.environment:checking '/home/user/ros2_ws/install/my_tf_ros2_course_pkg/lib/python3.10/site-packages'
[4.403s] Level 1:colcon.colcon_core.environment:checking '/home/user/ros2_ws/install/my_tf_ros2_course_pkg/bin'
[4.423s] INFO:colcon.colcon_core.shell:Creating package script '/home/user/ros2_ws/install/my_tf_ros2_course_pkg/share/my_tf_ros2_course_pkg/package.ps1'
[4.424s] INFO:colcon.colcon_core.shell:Creating package descriptor '/home/user/ros2_ws/install/my_tf_ros2_course_pkg/share/my_tf_ros2_course_pkg/package.dsv'
[4.425s] INFO:colcon.colcon_core.shell:Creating package script '/home/user/ros2_ws/install/my_tf_ros2_course_pkg/share/my_tf_ros2_course_pkg/package.sh'
[4.426s] INFO:colcon.colcon_core.shell:Creating package script '/home/user/ros2_ws/install/my_tf_ros2_course_pkg/share/my_tf_ros2_course_pkg/package.bash'
[4.426s] INFO:colcon.colcon_core.shell:Creating package script '/home/user/ros2_ws/install/my_tf_ros2_course_pkg/share/my_tf_ros2_course_pkg/package.zsh'
[4.427s] Level 1:colcon.colcon_core.environment:create_file_with_runtime_dependencies(/home/user/ros2_ws/install/my_tf_ros2_course_pkg/share/colcon-core/packages/my_tf_ros2_course_pkg)
[4.427s] DEBUG:colcon.colcon_parallel_executor.executor.parallel:closing loop
[4.427s] DEBUG:colcon.colcon_parallel_executor.executor.parallel:loop closed
[4.429s] DEBUG:colcon.colcon_parallel_executor.executor.parallel:run_until_complete finished with '0'
[4.429s] DEBUG:colcon.colcon_core.event_reactor:joining thread
[4.474s] INFO:colcon.colcon_core.plugin_system:Skipping extension 'colcon_notification.desktop_notification.notify_send': Could not find 'notify-send'
[4.475s] INFO:colcon.colcon_core.plugin_system:Skipping extension 'colcon_notification.desktop_notification.terminal_notifier': Not used on non-Darwin systems
[4.475s] INFO:colcon.colcon_core.plugin_system:Skipping extension 'colcon_notification.desktop_notification.win32': Not used on non-Windows systems
[4.475s] INFO:colcon.colcon_notification.desktop_notification:Sending desktop notification using 'notify2'
[4.484s] DEBUG:colcon.colcon_notification.desktop_notification.notify2:Failed to initialize notify2: org.freedesktop.DBus.Error.Spawn.ExecFailed: /usr/bin/dbus-launch terminated abnormally without any error message
[4.485s] DEBUG:colcon.colcon_core.event_reactor:joined thread
[4.514s] INFO:colcon.colcon_core.shell:Creating prefix script '/home/user/ros2_ws/install/local_setup.ps1'
[4.516s] INFO:colcon.colcon_core.shell:Creating prefix util module '/home/user/ros2_ws/install/_local_setup_util_ps1.py'
[4.519s] INFO:colcon.colcon_core.shell:Creating prefix chain script '/home/user/ros2_ws/install/setup.ps1'
[4.538s] INFO:colcon.colcon_core.shell:Creating prefix script '/home/user/ros2_ws/install/local_setup.sh'
[4.539s] INFO:colcon.colcon_core.shell:Creating prefix util module '/home/user/ros2_ws/install/_local_setup_util_sh.py'
[4.540s] INFO:colcon.colcon_core.shell:Creating prefix chain script '/home/user/ros2_ws/install/setup.sh'
[4.563s] INFO:colcon.colcon_core.shell:Creating prefix script '/home/user/ros2_ws/install/local_setup.bash'
[4.565s] INFO:colcon.colcon_core.shell:Creating prefix chain script '/home/user/ros2_ws/install/setup.bash'
[4.591s] INFO:colcon.colcon_core.shell:Creating prefix script '/home/user/ros2_ws/install/local_setup.zsh'
[4.593s] INFO:colcon.colcon_core.shell:Creating prefix chain script '/home/user/ros2_ws/install/setup.zsh'
[4.623s] INFO:colcon.colcon_core.shell:Creating '/home/user/ros2_ws/install/spawn_shell.bash'
